Maroon 5 Featuring Future: Cold
Drake: Controlla
Charlie Puth: One Call Away
James Bay: Let It Go
Meghan Trainor: No
Zara Larsson & MNEK: Never Forget You
DJ Snake Featuring Justin Bieber: Let Me Love You
Kent Jones: Don't Mind
Florida Georgia Line: H.O.L.Y.
Charlie Puth Featuring Selena Gomez: We Don't Talk Anymore
Ariana Grande: Into You
Kiiara: Gold
Bryson Tiller: Exchange
Jeremih: Oui
Selena Gomez: Hands To Myself
Kevin Gates: 2 Phones
The Weeknd Featuring Daft Punk: Starboy
DJ Khaled Featuring Drake: For Free
Flume Featuring Kai: Never Be Like You
The Weeknd: In The Night
Meghan Trainor: Me Too
Thomas Rhett: Die A Happy Man
Post Malone: White Iverson
Nick Jonas Featuring Tove Lo: Close
X Ambassadors: Unsteady
Lil Wayne, Wiz Khalifa & Imagine Dragons With Logic & Ty Dolla $ign Feat. X Ambassadors: Sucker For Pain
Yo Gotti Featuring Nicki Minaj: Down In The DM
Tory Lanez: Luv
Beyonce: Sorry
Tory Lanez: Say It
Travis Scott: Antidote
Ruth B: Lost Boy
Ariana Grande Featuring Nicki Minaj: Side To Side
Daya: Sit Still, Look Pretty
DJ Snake Featuring Bipolar Sunshine: Middle
Ellie Goulding: On My Mind
Drake Featuring The Throne: Pop Style
Adele: When We Were Young
Daya: Hide Away
Shawn Mendes & Camila Cabello: I Know What You Did Last Summer
Chris Brown: Back To Sleep
Usher Featuring Young Thug: No Limit
O.T. Genasis Featuring Young Dolph: Cut It
Kevin Gates: Really Really
Fifth Harmony Featuring Fetty Wap: All In My Head (Flex)
Hailee Steinfeld & Grey Featuring Zedd: Starving
Coldplay: Adventure Of A Lifetime
Tim McGraw: Humble And Kind
Future: Wicked
Desiigner: Tiimmy Turner
One Direction: Perfect
Ed Sheeran: Shape Of You
Luis Fonsi & Daddy Yankee Featuring Justin Bieber: Despacito
Bruno Mars: That's What I Like
Kendrick Lamar: Humble.
The Chainsmokers & Coldplay: Something Just Like This
Migos Featuring Lil Uzi Vert: Bad And Boujee
Sam Hunt: Body Like A Back Road
Imagine Dragons: Believer
Post Malone Featuring Quavo: Congratulations
James Arthur: Say You Won't Let Go
DJ Khaled Featuring Justin Bieber, Quavo, Chance The Rapper & Lil Wayne: I'm The One
Lil Uzi Vert: XO TOUR Llif3
Future: Mask Off
French Montana Featuring Swae Lee: Unforgettable
Bruno Mars: 24K Magic
Zedd & Alessia Cara: Stay
DJ Khaled Featuring Rihanna & Bryson Tiller: Wild Thoughts
Rae Sremmurd Featuring Gucci Mane: Black Beatles
Khalid: Location
Charlie Puth: Attention
Shawn Mendes: There's Nothing Holdin' Me Back
Cardi B: Bodak Yellow (Money Moves)
Childish Gambino: Redbone
Zayn / Taylor Swift: I Don't Wanna Live Forever (Fifty Shades Darker)
Kygo x Selena Gomez: It Ain't Me
KYLE Featuring Lil Yachty: iSpy
Julia Michaels: Issues
Alessia Cara: Scars To Your Beautiful
Logic Featuring Alessia Cara & Khalid: 1-800-273-8255
Niall Horan: Slow Hands
Rihanna: Love On The Brain
The Weeknd Featuring Daft Punk: I Feel It Coming
Big Sean: Bounce Back
Liam Payne Featuring Quavo: Strip That Down
Drake: Fake Love
Maroon 5 Featuring Kendrick Lamar: Don't Wanna Know
Taylor Swift: Look What You Made Me Do
Ed Sheeran: Castle On The Hill
Machine Gun Kelly x Camila Cabello: Bad Things
The Chainsmokers: Paris
Clean Bandit Featuring Sean Paul & Anne-Marie: Rockabye
Portugal. The Man: Feel It Still
Demi Lovato: Sorry Not Sorry
21 Savage: Bank Account
J Balvin & Willy William Featuring Beyonce: Mi Gente
Imagine Dragons: Thunder
Migos: T-Shirt
Yo Gotti Featuring Nicki Minaj: Rake It Up
Shawn Mendes: Mercy
Kodak Black: Tunnel Vision
Post Malone Featuring 21 Savage: Rockstar
Brett Young: In Case You Didn't Know
Halsey: Now Or Never
Amine: Caroline
Ayo & Teo: Rolex
Kendrick Lamar: DNA.
Zay Hilfigerrr & Zayion McCall: Juju On That Beat (TZ Anthem)
Rae Sremmurd: Swang
Drake: Passionfruit
Kendrick Lamar Featuring Rihanna: Loyalty.
Kesha: Praying
Travis Scott: Goosebumps
Maroon 5 Featuring Future: Cold
Calvin Harris Featuring Frank Ocean & Migos: Slide
Kane Brown Featuring Lauren Alaina: What Ifs
Katy Perry Featuring Skip Marley: Chained To The Rhythm
Calvin Harris Featuring Pharrell Williams, Katy Perry & Big Sean: Feels
Jon Bellion: All Time Low
Luke Combs: Hurricane
Sam Smith: Too Good At Goodbyes
Khalid: Young Dumb & Broke
Playboi Carti: Magnolia
SZA Featuring Travis Scott: Love Galore
A Boogie Wit da Hoodie Featuring Kodak Black: Drowning
Gucci Mane Featuring Drake: Both
P!nk: What About Us
Jason Derulo Featuring Nicki Minaj & Ty Dolla $ign: Swalla
Migos Featuring Gucci Mane: Slippery
Harry Styles: Sign Of The Times
Adele: Water Under The Bridge
Miley Cyrus: Malibu
Marian Hill: Down
Cheat Codes Featuring Demi Lovato: No Promises
Gucci Mane Featuring Migos: I Get The Bag
Dustin Lynch: Small Town Boy
YFN Lucci Featuring PnB Rock: Everyday We Lit
Camila Cabello Featuring Young Thug: Havana
Maroon 5 Featuring SZA: What Lovers Do
blackbear: Do Re Mi
XXXTENTACION: Look At Me!
Keith Urban Featuring Carrie Underwood: The Fighter
Drake: God's Plan
Ed Sheeran: Perfect
Bebe Rexha & Florida Georgia Line: Meant To Be
Post Malone Featuring Ty Dolla $ign: Psycho
Cardi B, Bad Bunny & J Balvin: I Like It
Zedd, Maren Morris & Grey: The Middle
Drake: In My Feelings
Maroon 5 Featuring Cardi B: Girls Like You
Drake: Nice For What
Juice WRLD: Lucid Dreams
Post Malone: Better Now
Bruno Mars & Cardi B: Finesse
Ella Mai: Boo'd Up
Dua Lipa: New Rules
XXXTENTACION: Sad!
Camila Cabello: Never Be The Same
Khalid & Normani: Love Lies
Ariana Grande: No Tears Left To Cry
Bazzi: Mine
BlocBoy JB Featuring Drake: Look Alive
Taylor Swift: Delicate
Lil Baby & Drake: Yes Indeed
Marshmello & Anne-Marie: Friends
Halsey: Bad At Love
Tyga Featuring Offset: Taste
NF: Let You Down
G-Eazy Featuring A$AP Rocky & Cardi B: No Limit
6ix9ine Featuring Nicki Minaj & Murda Beatz: FEFE
Dan + Shay: Tequila
Migos, Nicki Minaj & Cardi B: MotorSport
Lauv: I Like Me Better
5 Seconds Of Summer: Youngblood
Imagine Dragons: Whatever It Takes
Offset & Metro Boomin: Ric Flair Drip
Post Malone: I Fall Apart
The Weeknd & Kendrick Lamar: Pray For Me
Selena Gomez: Back To You
Travis Scott: Sicko Mode
Migos Featuring Drake: Walk It Talk It
Lil Pump: Gucci Gang
G-Eazy & Halsey: Him & I
Shawn Mendes: In My Blood
Kendrick Lamar & SZA: All The Stars
Migos: Stir Fry
Kendrick Lamar Featuring Zacari: Love.
Childish Gambino: This Is America
Drake: Nonstop
Kane Brown: Heaven
Lil Dicky Featuring Chris Brown: Freaky Friday
6ix9ine: Gummo
Rich The Kid: Plug Walk
Maroon 5: Wait
Cardi B: Be Careful
Selena Gomez X Marshmello: Wolves
Cardi B Featuring 21 Savage: Bartier Cardi
Ariana Grande: God Is A Woman
YG Featuring 2 Chainz, Big Sean & Nicki Minaj: Big Bank
Charlie Puth: How Long
MAX Featuring gnash: Lights Down Low
Calvin Harris & Dua Lipa: One Kiss
Imagine Dragons: Natural
Jason Aldean: You Make It Easy
DJ Khaled Featuring Justin Bieber, Chance The Rapper & Quavo: No Brainer
A$AP Ferg Featuring Nicki Minaj: Plain Jane
Miguel Featuring Travis Scott: Sky Walker
Thomas Rhett: Marry Me
benny blanco, Halsey & Khalid: Eastside
The Weeknd: Call Out My Name
Jay Rock, Kendrick Lamar, Future & James Blake: King's Dead
Marshmello & Bastille: Happier
Casper Magico, Nio Garcia, Darell, Nicky Jam, Ozuna & Bad Bunny: Te Bote
Florida Georgia Line: Simple
N*E*R*D & Rihanna: Lemon
Justin Timberlake Featuring Chris Stapleton: Say Something
Drake: I'm Upset
Kenny Chesney: Get Along
XXXTENTACION: Moonlight
Nicky Jam x J Balvin: X
YoungBoy Never Broke Again: Outside Today
Ella Mai: Trip
Daddy Yankee: Dura
XXXTENTACION: Changes
Brett Young: Mercy
Luke Combs: One Number Away
Rae Sremmurd & Juicy J: Powerglide
Dua Lipa: IDGAF
Lil Nas X Featuring Billy Ray Cyrus: Old Town Road
Post Malone & Swae Lee: Sunflower (Spider-Man: Into The Spider-Verse)
Halsey: Without Me
Billie Eilish: Bad Guy
Post Malone: Wow.
Ariana Grande: 7 Rings
Khalid: Talk
Jonas Brothers: Sucker
Panic! At The Disco: High Hopes
Ariana Grande: Thank U, Next
Lizzo: Truth Hurts
Sam Smith & Normani: Dancing With A Stranger
Shawn Mendes & Camila Cabello: Senorita
Ed Sheeran & Justin Bieber: I Don't Care
Meek Mill Featuring Drake: Going Bad
Lady Gaga & Bradley Cooper: Shallow
Khalid: Better
Chris Brown Featuring Drake: No Guidance
Ava Max: Sweet But Psycho
DaBaby: Suge
J. Cole: Middle Child
Lil Baby & Gunna: Drip Too Hard
Lewis Capaldi: Someone You Loved
Lil Tecca: Ran$om
Shawn Mendes: If I Can't Have You
Post Malone Featuring Young Thug: Goodbyes
Kodak Black Featuring Travis Scott & Offset: ZEZE
Drake Featuring Rick Ross: Money In The Grave
Dan + Shay: Speechless
Ariana Grande: Break Up With Your Girlfriend, I'm Bored
Cardi B & Bruno Mars: Please Me
Cardi B: Money
Taylor Swift: You Need To Calm Down
Lil Nas X: Panini
A Boogie Wit da Hoodie: Look Back At It
21 Savage: A Lot
Taylor Swift Featuring Brendon Urie: ME!
Bad Bunny Featuring Drake: MIA
Polo G Featuring Lil Tjay: Pop Out
Luke Combs: Beautiful Crazy
Blueface: Thotiana
Sheck Wes: Mo Bamba
Ed Sheeran Featuring Khalid: Beautiful People
Gucci Mane X Bruno Mars X Kodak Black: Wake Up In The Sky
Morgan Wallen: Whiskey Glasses
Blake Shelton: God's Country
Dean Lewis: Be Alright
Mustard & Migos: Pure Water
Blanco Brown: The Git Up
DJ Snake Featuring Selena Gomez, Ozuna & Cardi B: Taki Taki
Ellie Goulding X Diplo Featuring Swae Lee: Close To Me
Calboy: Envy Me
Lauren Daigle: You Say
Panic! At The Disco: Hey Look Ma, I Made It
Post Malone: Circles
Luke Combs: Beer Never Broke My Heart
Young Thug, J. Cole & Travis Scott: The London
Daddy Yankee & Katy Perry Featuring Snow: Con Calma
YNW Melly: Murder On My Mind
Billie Eilish: When The Party's Over
City Girls: Act Up
SHAED: Trampoline
Flipp Dinero: Leave Me Alone
Ariana Grande: Breathin
Billie Eilish: Bury A Friend
Lil Baby: Close Friends
Pinkfong: Baby Shark
Saweetie: My Type
YK Osiris: Worth It
Jonas Brothers: Only Human
Luke Bryan: Knockin' Boots
Lee Brice: Rumor
A Boogie Wit da Hoodie Featuring 6ix9ine: Swervin
Sam Smith: How Do You Sleep?
Lil Baby & DaBaby: Baby
Thomas Rhett: Look What God Gave Her
Kane Brown: Good As You
Offset Featuring Cardi B: Clout
Marshmello & Kane Brown: One Thing Right
Megan Thee Stallion Featuring DaBaby: Cash Shit
NLE Choppa: Shotta Flow
Megan Thee Stallion, Nicki Minaj & Ty Dolla $ign: Hot Girl Summer
Florida Georgia Line: Talk You Out Of It
Bazzi Featuring Camila Cabello: Beautiful
Chase Rice: Eyes On You
Dan + Shay: All To Myself
Ariana Grande & Social House: Boyfriend
P!nk: Walk Me Home
Juice WRLD: Robbery
The Weeknd: Blinding Lights
Roddy Ricch: The Box
Dua Lipa: Don't Start Now
DaBaby Featuring Roddy Ricch: Rockstar
Harry Styles: Adore You
Future Featuring Drake: Life Is Good
Maroon 5: Memories
Maren Morris: The Bones
Doja Cat: Say So
Gabby Barrett Featuring Charlie Puth: I Hope
Jack Harlow Featuring DaBaby, Tory Lanez & Lil Wayne: Whats Poppin
Megan Thee Stallion: Savage
Arizona Zervas: Roxanne
Justin Bieber Featuring Quavo: Intentions
Billie Eilish: Everything I Wanted
SAINt JHN: Roses
Harry Styles: Watermelon Sugar
Lewis Capaldi: Before You Go
Trevor Daniel: Falling
Dan + Shay & Justin Bieber: 10,000 Hours
Cardi B Featuring Megan Thee Stallion: WAP
Mustard & Roddy Ricch: Ballin'
blackbear: Hot Girl Bummer
Lil Mosey: Blueberry Faygo
The Weeknd: Heartless
DaBaby: BOP
Selena Gomez: Lose You To Love Me
Lizzo: Good As Hell
Drake: Toosie Slide
Dua Lipa: Break My Heart
Morgan Wallen: Chasin' You
Jawsh 685 x Jason Derulo: Savage Love (Laxed - Siren Beat)
Camila Cabello Featuring DaBaby: My Oh My
BTS: Dynamite
Chris Brown & Young Thug: Go Crazy
Roddy Ricch Featuring Mustard: High Fashion
Drake Featuring Lil Durk: Laugh Now Cry Later
Lil Baby: Woah
Powfu Featuring beabadoobee: Death Bed
Travis Scott: HIGHEST IN THE ROOM
24kGoldn Featuring iann dior: Mood
Lady Gaga & Ariana Grande: Rain On Me
Pop Smoke Featuring Lil Baby & DaBaby: For The Night
Black Eyed Peas X J Balvin: RITMO (Bad Boys For Life)
Rod Wave: Heart On Ice
Blake Shelton Duet With Gwen Stefani: Nobody But You
Juice WRLD x Marshmello: Come & Go
JP Saxe Featuring Julia Michaels: If The World Was Ending
Lil Baby & 42 Dugg: We Paid
Justin Bieber: Yummy
Old Dominion: One Man Band
Jason Aldean: Got What I Got
Surfaces: Sunday Best
Eminem Featuring Juice WRLD: Godzilla
Juice WRLD & YoungBoy Never Broke Again: Bandit
StaySolidRocky: Party Girl
Maddie & Tae: Die From A Broken Heart
DJ Khaled Featuring Drake: Popstar
Mariah Carey: All I Want For Christmas Is You
Lee Brice: One Of Them Girls
Sam Hunt: Hard To Forget
Luke Bryan: One Margarita
Young Thug Featuring Gunna: Hot
Carly Pearce & Lee Brice: I Hope You're Happy Now
Lil Baby: Emotionally Scarred
YNW Melly & Juice WRLD: Suicidal
Lil Baby: The Bigger Picture
Pop Smoke Featuring 50 Cent & Roddy Ricch: The Woo
Lil Baby: Sum 2 Prove
Ariana Grande & Justin Bieber: Stuck With U
Pop Smoke Featuring Lil Tjay: Mood Swings
Halsey: You Should Be Sad
Pop Smoke: Dior
BENEE Featuring Gus Dapperton: Supalonely
Luke Combs: Even Though I'm Leaving
THE SCOTTS, Travis Scott & Kid Cudi: The Scotts
Doja Cat & Tyga: Juicy
Kane Brown With Swae Lee & Khalid: Be Like That
Kane Brown: Homesick
Rod Wave Featuring ATR Son Son: Rags2Riches
Miranda Lambert: Bluebird
Juice WRLD: Wishing Well
Luke Combs Featuring Eric Church: Does To Me
Jhene Aiko: P*$$y Fairy (OTW)
Surf Mesa Featuring Emilee: ily
Morgan Wallen: More Than My Hometown
Luke Combs: Lovin' On You
Moneybagg Yo: Said Sum
H.E.R. Featuring YG: Slide
NLE Choppa Featuring Roddy Ricch: Walk Em Down
